[0.364s] DEBUG:colcon:Command line arguments: ['/usr/bin/colcon', 'build']
[0.364s] DEBUG:colcon:Parsed command line arguments: Namespace(log_base=None, log_level=None, verb_name='build', build_base='build', install_base='install', merge_install=False, symlink_install=False, test_result_base=None, continue_on_error=False, executor='parallel', parallel_workers=8, event_handlers=None, ignore_user_meta=False, metas=['./colcon.meta'], base_paths=['.'], packages_ignore=None, packages_ignore_regex=None, paths=None, packages_up_to=None, packages_up_to_regex=None, packages_above=None, packages_above_and_dependencies=None, packages_above_depth=None, packages_select_by_dep=None, packages_skip_by_dep=None, packages_skip_up_to=None, packages_select_build_failed=False, packages_skip_build_finished=False, packages_select_test_failures=False, packages_skip_test_passed=False, packages_select=None, packages_skip=None, packages_select_regex=None, packages_skip_regex=None, packages_start=None, packages_end=None, allow_overriding=[], cmake_args=None, cmake_target=None, cmake_target_skip_unavailable=False, cmake_clean_cache=False, cmake_clean_first=False, cmake_force_configure=False, ament_cmake_args=None, catkin_cmake_args=None, catkin_skip_building_tests=False, verb_parser=<colcon_defaults.argument_parser.defaults.DefaultArgumentsDecorator object at 0x7f95a45207d0>, verb_extension=<colcon_core.verb.build.BuildVerb object at 0x7f95a44f1ee0>, main=<bound method BuildVerb.main of <colcon_core.verb.build.BuildVerb object at 0x7f95a44f1ee0>>)
[0.529s] Level 1:colcon.colcon_core.package_discovery:discover_packages(colcon_meta) check parameters
[0.529s] Level 1:colcon.colcon_core.package_discovery:discover_packages(recursive) check parameters
[0.529s] Level 1:colcon.colcon_core.package_discovery:discover_packages(ignore) check parameters
[0.530s] Level 1:colcon.colcon_core.package_discovery:discover_packages(path) check parameters
[0.530s] Level 1:colcon.colcon_core.package_discovery:discover_packages(colcon_meta) discover
[0.530s] Level 1:colcon.colcon_core.package_discovery:discover_packages(recursive) discover
[0.530s] INFO:colcon.colcon_core.package_discovery:Crawling recursively for packages in '/home/naru/work/ros2_ws/src/pkg_kadai'
[0.530s] Level 1:colcon.colcon_core.package_identification:_identify(.) by extensions ['ignore', 'ignore_ament_install']
[0.530s] Level 1:colcon.colcon_core.package_identification:_identify(.) by extension 'ignore'
[0.530s] Level 1:colcon.colcon_core.package_identification:_identify(.) by extension 'ignore_ament_install'
[0.530s] Level 1:colcon.colcon_core.package_identification:_identify(.) by extensions ['colcon_pkg']
[0.530s] Level 1:colcon.colcon_core.package_identification:_identify(.) by extension 'colcon_pkg'
[0.530s] Level 1:colcon.colcon_core.package_identification:_identify(.) by extensions ['colcon_meta']
[0.530s] Level 1:colcon.colcon_core.package_identification:_identify(.) by extension 'colcon_meta'
[0.530s] Level 1:colcon.colcon_core.package_identification:_identify(.) by extensions ['ros']
[0.530s] Level 1:colcon.colcon_core.package_identification:_identify(.) by extension 'ros'
[0.608s] DEBUG:colcon.colcon_core.package_identification:Package '.' with type 'ros.ament_python' and name 'pkg_kadai'
[0.608s] Level 1:colcon.colcon_core.package_discovery:discover_packages(recursive) using defaults
[0.608s] Level 1:colcon.colcon_core.package_discovery:discover_packages(ignore) discover
[0.608s] Level 1:colcon.colcon_core.package_discovery:discover_packages(ignore) using defaults
[0.608s] Level 1:colcon.colcon_core.package_discovery:discover_packages(path) discover
[0.608s] Level 1:colcon.colcon_core.package_discovery:discover_packages(path) using defaults
[0.660s] Level 1:colcon.colcon_core.package_discovery:discover_packages(prefix_path) check parameters
[0.660s] Level 1:colcon.colcon_core.package_discovery:discover_packages(prefix_path) discover
[0.671s] DEBUG:colcon.colcon_installed_package_information.package_discovery:Found 2 installed packages in /home/naru/work/ros2_ws/install
[0.673s] DEBUG:colcon.colcon_installed_package_information.package_discovery:Found 285 installed packages in /opt/ros/jazzy
[0.674s] Level 1:colcon.colcon_core.package_discovery:discover_packages(prefix_path) using defaults
[0.806s] Level 5:colcon.colcon_core.verb:set package 'pkg_kadai' build argument 'cmake_args' from command line to 'None'
[0.806s] Level 5:colcon.colcon_core.verb:set package 'pkg_kadai' build argument 'cmake_target' from command line to 'None'
[0.806s] Level 5:colcon.colcon_core.verb:set package 'pkg_kadai' build argument 'cmake_target_skip_unavailable' from command line to 'False'
[0.806s] Level 5:colcon.colcon_core.verb:set package 'pkg_kadai' build argument 'cmake_clean_cache' from command line to 'False'
[0.806s] Level 5:colcon.colcon_core.verb:set package 'pkg_kadai' build argument 'cmake_clean_first' from command line to 'False'
[0.806s] Level 5:colcon.colcon_core.verb:set package 'pkg_kadai' build argument 'cmake_force_configure' from command line to 'False'
[0.806s] Level 5:colcon.colcon_core.verb:set package 'pkg_kadai' build argument 'ament_cmake_args' from command line to 'None'
[0.806s] Level 5:colcon.colcon_core.verb:set package 'pkg_kadai' build argument 'catkin_cmake_args' from command line to 'None'
[0.806s] Level 5:colcon.colcon_core.verb:set package 'pkg_kadai' build argument 'catkin_skip_building_tests' from command line to 'False'
[0.806s] DEBUG:colcon.colcon_core.verb:Building package 'pkg_kadai' with the following arguments: {'ament_cmake_args': None, 'build_base': '/home/naru/work/ros2_ws/src/pkg_kadai/build/pkg_kadai', 'catkin_cmake_args': None, 'catkin_skip_building_tests': False, 'cmake_args': None, 'cmake_clean_cache': False, 'cmake_clean_first': False, 'cmake_force_configure': False, 'cmake_target': None, 'cmake_target_skip_unavailable': False, 'install_base': '/home/naru/work/ros2_ws/src/pkg_kadai/install/pkg_kadai', 'merge_install': False, 'path': '/home/naru/work/ros2_ws/src/pkg_kadai', 'symlink_install': False, 'test_result_base': None}
[0.806s] INFO:colcon.colcon_core.executor:Executing jobs using 'parallel' executor
[0.808s] DEBUG:colcon.colcon_parallel_executor.executor.parallel:run_until_complete
[0.808s] INFO:colcon.colcon_ros.task.ament_python.build:Building ROS package in '/home/naru/work/ros2_ws/src/pkg_kadai' with build type 'ament_python'
[0.808s] Level 1:colcon.colcon_core.shell:create_environment_hook('pkg_kadai', 'ament_prefix_path')
[0.819s] INFO:colcon.colcon_core.plugin_system:Skipping extension 'colcon_core.shell.bat': Not used on non-Windows systems
[0.819s] INFO:colcon.colcon_core.shell:Creating environment hook '/home/naru/work/ros2_ws/src/pkg_kadai/install/pkg_kadai/share/pkg_kadai/hook/ament_prefix_path.ps1'
[0.823s] INFO:colcon.colcon_core.shell:Creating environment descriptor '/home/naru/work/ros2_ws/src/pkg_kadai/install/pkg_kadai/share/pkg_kadai/hook/ament_prefix_path.dsv'
[0.824s] INFO:colcon.colcon_core.shell:Creating environment hook '/home/naru/work/ros2_ws/src/pkg_kadai/install/pkg_kadai/share/pkg_kadai/hook/ament_prefix_path.sh'
[0.825s] INFO:colcon.colcon_core.shell:Skip shell extension 'powershell' for command environment: Not usable outside of PowerShell
[0.825s] DEBUG:colcon.colcon_core.shell:Skip shell extension 'dsv' for command environment
[1.085s] INFO:colcon.colcon_core.task.python.build:Building Python package in '/home/naru/work/ros2_ws/src/pkg_kadai'
[1.085s] INFO:colcon.colcon_core.shell:Skip shell extension 'powershell' for command environment: Not usable outside of PowerShell
[1.085s] DEBUG:colcon.colcon_core.shell:Skip shell extension 'dsv' for command environment
[2.412s] DEBUG:colcon.colcon_core.event_handler.log_command:Invoking command in '/home/naru/work/ros2_ws/src/pkg_kadai': PYTHONPATH=/home/naru/work/ros2_ws/src/pkg_kadai/build/pkg_kadai/prefix_override:/usr/lib/python3/dist-packages/colcon_core/task/python/colcon_distutils_commands:/home/naru/work/ros2_ws/src/pkg_kadai/install/pkg_kadai/lib/python3.12/site-packages:${PYTHONPATH} /usr/bin/python3 -W ignore:setup.py install is deprecated -W ignore:easy_install command is deprecated setup.py egg_info --egg-base build/pkg_kadai build --build-base /home/naru/work/ros2_ws/src/pkg_kadai/build/pkg_kadai/build install --record /home/naru/work/ros2_ws/src/pkg_kadai/build/pkg_kadai/install.log --single-version-externally-managed install_data
[3.298s] DEBUG:colcon.colcon_core.event_handler.log_command:Invoked command in '/home/naru/work/ros2_ws/src/pkg_kadai' returned '0': PYTHONPATH=/home/naru/work/ros2_ws/src/pkg_kadai/build/pkg_kadai/prefix_override:/usr/lib/python3/dist-packages/colcon_core/task/python/colcon_distutils_commands:/home/naru/work/ros2_ws/src/pkg_kadai/install/pkg_kadai/lib/python3.12/site-packages:${PYTHONPATH} /usr/bin/python3 -W ignore:setup.py install is deprecated -W ignore:easy_install command is deprecated setup.py egg_info --egg-base build/pkg_kadai build --build-base /home/naru/work/ros2_ws/src/pkg_kadai/build/pkg_kadai/build install --record /home/naru/work/ros2_ws/src/pkg_kadai/build/pkg_kadai/install.log --single-version-externally-managed install_data
[3.321s] Level 1:colcon.colcon_core.environment:checking '/home/naru/work/ros2_ws/src/pkg_kadai/install/pkg_kadai' for CMake module files
[3.322s] Level 1:colcon.colcon_core.environment:checking '/home/naru/work/ros2_ws/src/pkg_kadai/install/pkg_kadai' for CMake config files
[3.323s] Level 1:colcon.colcon_core.environment:checking '/home/naru/work/ros2_ws/src/pkg_kadai/install/pkg_kadai/lib'
[3.323s] Level 1:colcon.colcon_core.environment:checking '/home/naru/work/ros2_ws/src/pkg_kadai/install/pkg_kadai/bin'
[3.323s] Level 1:colcon.colcon_core.environment:checking '/home/naru/work/ros2_ws/src/pkg_kadai/install/pkg_kadai/lib/pkgconfig/pkg_kadai.pc'
[3.323s] Level 1:colcon.colcon_core.environment:checking '/home/naru/work/ros2_ws/src/pkg_kadai/install/pkg_kadai/lib/python3.12/site-packages'
[3.323s] Level 1:colcon.colcon_core.shell:create_environment_hook('pkg_kadai', 'pythonpath')
[3.324s] INFO:colcon.colcon_core.shell:Creating environment hook '/home/naru/work/ros2_ws/src/pkg_kadai/install/pkg_kadai/share/pkg_kadai/hook/pythonpath.ps1'
[3.324s] INFO:colcon.colcon_core.shell:Creating environment descriptor '/home/naru/work/ros2_ws/src/pkg_kadai/install/pkg_kadai/share/pkg_kadai/hook/pythonpath.dsv'
[3.325s] INFO:colcon.colcon_core.shell:Creating environment hook '/home/naru/work/ros2_ws/src/pkg_kadai/install/pkg_kadai/share/pkg_kadai/hook/pythonpath.sh'
[3.326s] Level 1:colcon.colcon_core.environment:checking '/home/naru/work/ros2_ws/src/pkg_kadai/install/pkg_kadai/bin'
[3.326s] Level 1:colcon.colcon_core.environment:create_environment_scripts_only(pkg_kadai)
[3.326s] INFO:colcon.colcon_core.shell:Creating package script '/home/naru/work/ros2_ws/src/pkg_kadai/install/pkg_kadai/share/pkg_kadai/package.ps1'
[3.328s] INFO:colcon.colcon_core.shell:Creating package descriptor '/home/naru/work/ros2_ws/src/pkg_kadai/install/pkg_kadai/share/pkg_kadai/package.dsv'
[3.329s] INFO:colcon.colcon_core.shell:Creating package script '/home/naru/work/ros2_ws/src/pkg_kadai/install/pkg_kadai/share/pkg_kadai/package.sh'
[3.330s] INFO:colcon.colcon_core.shell:Creating package script '/home/naru/work/ros2_ws/src/pkg_kadai/install/pkg_kadai/share/pkg_kadai/package.bash'
[3.332s] INFO:colcon.colcon_core.shell:Creating package script '/home/naru/work/ros2_ws/src/pkg_kadai/install/pkg_kadai/share/pkg_kadai/package.zsh'
[3.333s] Level 1:colcon.colcon_core.environment:create_file_with_runtime_dependencies(/home/naru/work/ros2_ws/src/pkg_kadai/install/pkg_kadai/share/colcon-core/packages/pkg_kadai)
[3.334s] DEBUG:colcon.colcon_parallel_executor.executor.parallel:closing loop
[3.334s] DEBUG:colcon.colcon_parallel_executor.executor.parallel:loop closed
[3.334s] DEBUG:colcon.colcon_parallel_executor.executor.parallel:run_until_complete finished with '0'
[3.334s] DEBUG:colcon.colcon_core.event_reactor:joining thread
[3.378s] INFO:colcon.colcon_core.plugin_system:Skipping extension 'colcon_notification.desktop_notification.notify_send': Could not find 'notify-send'
[3.378s] INFO:colcon.colcon_core.plugin_system:Skipping extension 'colcon_notification.desktop_notification.terminal_notifier': Not used on non-Darwin systems
[3.378s] INFO:colcon.colcon_core.plugin_system:Skipping extension 'colcon_notification.desktop_notification.win32': Not used on non-Windows systems
[3.378s] INFO:colcon.colcon_notification.desktop_notification:Sending desktop notification using 'notify2'
[3.384s] DEBUG:colcon.colcon_notification.desktop_notification.notify2:Failed to initialize notify2: org.freedesktop.DBus.Error.ServiceUnknown: The name org.freedesktop.Notifications was not provided by any .service files
[3.385s] DEBUG:colcon.colcon_core.event_reactor:joined thread
[3.385s] INFO:colcon.colcon_core.shell:Creating prefix script '/home/naru/work/ros2_ws/src/pkg_kadai/install/local_setup.ps1'
[3.386s] INFO:colcon.colcon_core.shell:Creating prefix util module '/home/naru/work/ros2_ws/src/pkg_kadai/install/_local_setup_util_ps1.py'
[3.388s] INFO:colcon.colcon_core.shell:Creating prefix chain script '/home/naru/work/ros2_ws/src/pkg_kadai/install/setup.ps1'
[3.391s] INFO:colcon.colcon_core.shell:Creating prefix script '/home/naru/work/ros2_ws/src/pkg_kadai/install/local_setup.sh'
[3.393s] INFO:colcon.colcon_core.shell:Creating prefix util module '/home/naru/work/ros2_ws/src/pkg_kadai/install/_local_setup_util_sh.py'
[3.393s] INFO:colcon.colcon_core.shell:Creating prefix chain script '/home/naru/work/ros2_ws/src/pkg_kadai/install/setup.sh'
[3.395s] INFO:colcon.colcon_core.shell:Creating prefix script '/home/naru/work/ros2_ws/src/pkg_kadai/install/local_setup.bash'
[3.396s] INFO:colcon.colcon_core.shell:Creating prefix chain script '/home/naru/work/ros2_ws/src/pkg_kadai/install/setup.bash'
[3.397s] INFO:colcon.colcon_core.shell:Creating prefix script '/home/naru/work/ros2_ws/src/pkg_kadai/install/local_setup.zsh'
[3.398s] INFO:colcon.colcon_core.shell:Creating prefix chain script '/home/naru/work/ros2_ws/src/pkg_kadai/install/setup.zsh'
