running egg_info
creating build/pkg_kadai/pkg_kadai.egg-info
writing build/pkg_kadai/pkg_kadai.egg-info/PKG-INFO
writing dependency_links to build/pkg_kadai/pkg_kadai.egg-info/dependency_links.txt
writing entry points to build/pkg_kadai/pkg_kadai.egg-info/entry_points.txt
writing requirements to build/pkg_kadai/pkg_kadai.egg-info/requires.txt
writing top-level names to build/pkg_kadai/pkg_kadai.egg-info/top_level.txt
writing manifest file 'build/pkg_kadai/pkg_kadai.egg-info/SOURCES.txt'
reading manifest file 'build/pkg_kadai/pkg_kadai.egg-info/SOURCES.txt'
adding license file 'LICENSE'
writing manifest file 'build/pkg_kadai/pkg_kadai.egg-info/SOURCES.txt'
running build
running build_py
creating /home/naru/work/ros2_ws/src/pkg_kadai/build/pkg_kadai/build
creating /home/naru/work/ros2_ws/src/pkg_kadai/build/pkg_kadai/build/lib
creating /home/naru/work/ros2_ws/src/pkg_kadai/build/pkg_kadai/build/lib/pkg_kadai
copying pkg_kadai/player1.py -> /home/naru/work/ros2_ws/src/pkg_kadai/build/pkg_kadai/build/lib/pkg_kadai
copying pkg_kadai/__init__.py -> /home/naru/work/ros2_ws/src/pkg_kadai/build/pkg_kadai/build/lib/pkg_kadai
running install
running install_lib
creating /home/naru/work/ros2_ws/src/pkg_kadai/install/pkg_kadai/lib/python3.12/site-packages/pkg_kadai
copying /home/naru/work/ros2_ws/src/pkg_kadai/build/pkg_kadai/build/lib/pkg_kadai/player1.py -> /home/naru/work/ros2_ws/src/pkg_kadai/install/pkg_kadai/lib/python3.12/site-packages/pkg_kadai
copying /home/naru/work/ros2_ws/src/pkg_kadai/build/pkg_kadai/build/lib/pkg_kadai/__init__.py -> /home/naru/work/ros2_ws/src/pkg_kadai/install/pkg_kadai/lib/python3.12/site-packages/pkg_kadai
byte-compiling /home/naru/work/ros2_ws/src/pkg_kadai/install/pkg_kadai/lib/python3.12/site-packages/pkg_kadai/player1.py to player1.cpython-312.pyc
byte-compiling /home/naru/work/ros2_ws/src/pkg_kadai/install/pkg_kadai/lib/python3.12/site-packages/pkg_kadai/__init__.py to __init__.cpython-312.pyc
running install_data
creating /home/naru/work/ros2_ws/src/pkg_kadai/install/pkg_kadai/share/ament_index
creating /home/naru/work/ros2_ws/src/pkg_kadai/install/pkg_kadai/share/ament_index/resource_index
creating /home/naru/work/ros2_ws/src/pkg_kadai/install/pkg_kadai/share/ament_index/resource_index/packages
copying resource/pkg_kadai -> /home/naru/work/ros2_ws/src/pkg_kadai/install/pkg_kadai/share/ament_index/resource_index/packages
copying package.xml -> /home/naru/work/ros2_ws/src/pkg_kadai/install/pkg_kadai/share/pkg_kadai
running install_egg_info
Copying build/pkg_kadai/pkg_kadai.egg-info to /home/naru/work/ros2_ws/src/pkg_kadai/install/pkg_kadai/lib/python3.12/site-packages/pkg_kadai-0.0.0-py3.12.egg-info
running install_scripts
Installing player1 script to /home/naru/work/ros2_ws/src/pkg_kadai/install/pkg_kadai/lib/pkg_kadai
writing list of installed files to '/home/naru/work/ros2_ws/src/pkg_kadai/build/pkg_kadai/install.log'
